<?xml version="1.0" encoding="UTF-8"?>
<testng-results ignored="0" total="2" passed="2" failed="0" skipped="0">
  <reporter-output>
  </reporter-output>
  <suite started-at="2021-09-05T02:48:21 EET" name="Default suite" finished-at="2021-09-05T02:49:01 EET" duration-ms="40005">
    <groups>
      <group name="cucumber">
        <method signature="AbstractTestNGCucumberTests.feature(cucumber.api.testng.CucumberFeatureWrapper)[pri:0, instance:CreateNewAccountUser.UserRegestrationRunner@4facf68f]" name="feature" class="cucumber.api.testng.AbstractTestNGCucumberTests"/>
      </group> <!-- cucumber -->
    </groups>
    <test started-at="2021-09-05T02:48:21 EET" name="Default test" finished-at="2021-09-05T02:49:01 EET" duration-ms="40005">
      <class name="CreateNewAccountUser.UserRegestrationRunner">
        <test-method is-config="true" signature="setUpClass()[pri:0, instance:CreateNewAccountUser.UserRegestrationRunner@4facf68f]" started-at="2021-09-05T02:48:21 EET" name="setUpClass" finished-at="2021-09-05T02:48:21 EET" duration-ms="387" status="PASS">
          <reporter-output>
          </reporter-output>
        </test-method> <!-- setUpClass -->
        <test-method signature="feature(cucumber.api.testng.CucumberFeatureWrapper)[pri:0, instance:CreateNewAccountUser.UserRegestrationRunner@4facf68f]" started-at="2021-09-05T02:48:21 EET" name="feature" description="Runs Cucumber Feature" data-provider="features" finished-at="2021-09-05T02:49:01 EET" duration-ms="39397" status="PASS">
          <params>
            <param index="0">
              <value>
                <![CDATA[User Registration functionality]]>
              </value>
            </param>
          </params>
          <reporter-output>
          </reporter-output>
        </test-method> <!-- feature -->
        <test-method signature="f()[pri:0, instance:CreateNewAccountUser.UserRegestrationRunner@4facf68f]" started-at="2021-09-05T02:49:01 EET" name="f" finished-at="2021-09-05T02:49:01 EET" duration-ms="4" status="PASS">
          <reporter-output>
          </reporter-output>
        </test-method> <!-- f -->
        <test-method is-config="true" signature="tearDownClass()[pri:0, instance:CreateNewAccountUser.UserRegestrationRunner@4facf68f]" started-at="2021-09-05T02:49:01 EET" name="tearDownClass" finished-at="2021-09-05T02:49:01 EET" duration-ms="23" status="PASS">
          <reporter-output>
          </reporter-output>
        </test-method> <!-- tearDownClass -->
      </class> <!-- CreateNewAccountUser.UserRegestrationRunner -->
    </test> <!-- Default test -->
  </suite> <!-- Default suite -->
</testng-results>
